<?xml version="1.0" encoding="UTF-8"?>
<testsuite xmlns:xsi="http://www.w3.org/2001/XMLSchema-instance" xsi:noNamespaceSchemaLocation="https://maven.apache.org/surefire/maven-surefire-plugin/xsd/surefire-test-report-3.0.xsd" version="3.0" name="sample.temp" time="2.656" tests="17" errors="1" skipped="0" failures="8">
  <properties>
[...]
</properties>
  <testcase name="test10" classname="sample.temp" time="1.797"/>
  <testcase name="test11" classname="sample.temp" time="0.046"/>
  <testcase name="test12" classname="sample.temp" time="0.11">
    <failure message="expected:&lt;[ReStock]&gt; but was:&lt;[Home Page]&gt;" type="org.junit.ComparisonFailure"><![CDATA[org.junit.ComparisonFailure: expected:<[ReStock]> but was:<[Home Page]>
	at sample.temp.test12(temp.java:293)
]]></failure>
  </testcase>
  <testcase name="test13" classname="sample.temp" time="0.047">
    <failure message="expected:&lt;[ReStock]&gt; but was:&lt;[Home Page]&gt;" type="org.junit.ComparisonFailure"><![CDATA[org.junit.ComparisonFailure: expected:<[ReStock]> but was:<[Home Page]>
	at sample.temp.test13(temp.java:316)
]]></failure>
  </testcase>
  <testcase name="test14" classname="sample.temp" time="0.047"/>
  <testcase name="test15" classname="sample.temp" time="0.046"/>
  <testcase name="test16" classname="sample.temp" time="0.047"/>
  <testcase name="test17" classname="sample.temp" time="0.047">
    <error message="The server return 500 HTTP code." type="net.sourceforge.jwebunit.exception.TestingEngineResponseException"><![CDATA[net.sourceforge.jwebunit.exception.TestingEngineResponseException: The server return 500 HTTP code.
	at sample.temp.test17(temp.java:401)
Caused by: com.gargoylesoftware.htmlunit.FailingHttpStatusCodeException: 500  for http://localhost:8080/TestingProject/Orders.jsp
	at sample.temp.test17(temp.java:401)
]]></error>
  </testcase>
  <testcase name="test1" classname="sample.temp" time="0.031"/>
  <testcase name="test2" classname="sample.temp" time="0.047"/>
  <testcase name="test3" classname="sample.temp" time="0.063">
    <failure message="expected:&lt;[ReStock]&gt; but was:&lt;[Home Page]&gt;" type="org.junit.ComparisonFailure"><![CDATA[org.junit.ComparisonFailure: expected:<[ReStock]> but was:<[Home Page]>
	at sample.temp.test3(temp.java:86)
]]></failure>
  </testcase>
  <testcase name="test4" classname="sample.temp" time="0.047">
    <failure message="expected:&lt;[ReStock]&gt; but was:&lt;[Home Page]&gt;" type="org.junit.ComparisonFailure"><![CDATA[org.junit.ComparisonFailure: expected:<[ReStock]> but was:<[Home Page]>
	at sample.temp.test4(temp.java:109)
]]></failure>
  </testcase>
  <testcase name="test5" classname="sample.temp" time="0.031"/>
  <testcase name="test6" classname="sample.temp" time="0.047">
    <failure message="expected:&lt;[ReStock]&gt; but was:&lt;[Home Page]&gt;" type="org.junit.ComparisonFailure"><![CDATA[org.junit.ComparisonFailure: expected:<[ReStock]> but was:<[Home Page]>
	at sample.temp.test6(temp.java:155)
]]></failure>
  </testcase>
  <testcase name="test7" classname="sample.temp" time="0.031">
    <failure message="expected:&lt;[ReStock]&gt; but was:&lt;[Home Page]&gt;" type="org.junit.ComparisonFailure"><![CDATA[org.junit.ComparisonFailure: expected:<[ReStock]> but was:<[Home Page]>
	at sample.temp.test7(temp.java:178)
]]></failure>
  </testcase>
  <testcase name="test8" classname="sample.temp" time="0.031">
    <failure message="expected:&lt;[ReStock]&gt; but was:&lt;[Home Page]&gt;" type="org.junit.ComparisonFailure"><![CDATA[org.junit.ComparisonFailure: expected:<[ReStock]> but was:<[Home Page]>
	at sample.temp.test8(temp.java:201)
]]></failure>
  </testcase>
  <testcase name="test9" classname="sample.temp" time="0.047">
    <failure message="expected:&lt;[ReStock]&gt; but was:&lt;[Home Page]&gt;" type="org.junit.ComparisonFailure"><![CDATA[org.junit.ComparisonFailure: expected:<[ReStock]> but was:<[Home Page]>
	at sample.temp.test9(temp.java:224)
]]></failure>
  </testcase>
</testsuite>